  Boost.cpp
  Bullet.cpp
  CollisionDetector.cpp
  CommonBullet.cpp
  ExplodingBullet.cpp
  FieldOnTheMap.cpp
  GameController.cpp
c:\users\dominik\desktop\nowy folder\gra-w-czolgi-master\tankaz\gamecontroller.cpp(102): warning C4244: "argument": konwersja z "time_t" do "unsigned int", możliwa utrata danych
c:\users\dominik\desktop\nowy folder\gra-w-czolgi-master\tankaz\gamecontroller.cpp(185): warning C4244: "argument": konwersja z "double" do "int", możliwa utrata danych
c:\users\dominik\desktop\nowy folder\gra-w-czolgi-master\tankaz\gamecontroller.cpp(191): warning C4244: "argument": konwersja z "double" do "int", możliwa utrata danych
c:\users\dominik\desktop\nowy folder\gra-w-czolgi-master\tankaz\gamecontroller.cpp(240): warning C4244: "=": konwersja z "int" do "T", możliwa utrata danych
          with
          [
              T=float
          ]
c:\users\dominik\desktop\nowy folder\gra-w-czolgi-master\tankaz\gamecontroller.cpp(241): warning C4244: "=": konwersja z "int" do "T", możliwa utrata danych
          with
          [
              T=float
          ]
  GameObject.cpp
c:\users\dominik\desktop\nowy folder\gra-w-czolgi-master\tankaz\gameobject.cpp(12): warning C4244: "=": konwersja z "double" do "T", możliwa utrata danych
          with
          [
              T=float
          ]
c:\users\dominik\desktop\nowy folder\gra-w-czolgi-master\tankaz\gameobject.cpp(13): warning C4244: "=": konwersja z "double" do "T", możliwa utrata danych
          with
          [
              T=float
          ]
c:\users\dominik\desktop\nowy folder\gra-w-czolgi-master\tankaz\gameobject.cpp(43): warning C4244: "argument": konwersja z "double" do "float", możliwa utrata danych
c:\users\dominik\desktop\nowy folder\gra-w-czolgi-master\tankaz\gameobject.cpp(54): warning C4244: "argument": konwersja z "double" do "float", możliwa utrata danych
c:\users\dominik\desktop\nowy folder\gra-w-czolgi-master\tankaz\gameobject.cpp(59): warning C4244: "argument": konwersja z "int" do "float", możliwa utrata danych
c:\users\dominik\desktop\nowy folder\gra-w-czolgi-master\tankaz\gameobject.cpp(64): warning C4244: "argument": konwersja z "double" do "float", możliwa utrata danych
c:\users\dominik\desktop\nowy folder\gra-w-czolgi-master\tankaz\gameobject.cpp(74): warning C4244: "argument": konwersja z "double" do "float", możliwa utrata danych
  MapGenerator.cpp
c:\users\dominik\desktop\nowy folder\gra-w-czolgi-master\tankaz\mapgenerator.cpp(53): warning C4244: "argument": konwersja z "time_t" do "unsigned int", możliwa utrata danych
  Tank.cpp
c:\users\dominik\desktop\nowy folder\gra-w-czolgi-master\tankaz\tank.cpp(61): warning C4244: "argument": konwersja z "T" do "const unsigned __int64", możliwa utrata danych
          with
          [
              T=float
          ]
c:\users\dominik\desktop\nowy folder\gra-w-czolgi-master\tankaz\tank.cpp(63): warning C4244: "argument": konwersja z "T" do "const unsigned __int64", możliwa utrata danych
          with
          [
              T=float
          ]
  Main.cpp
  Wall.cpp
  Generowanie kodu...
c:\users\dominik\desktop\nowy folder\gra-w-czolgi-master\tankaz\bullet.cpp(78): warning C4715: "Bullet::checkCollision”: niewszystkie ścieżki kodu zwracają wartość
     Trwa tworzenie biblioteki C:\Users\Dominik\Desktop\Nowy folder\gra-w-czolgi-master\x64\Debug\TankAZ.lib i obiektu C:\Users\Dominik\Desktop\Nowy folder\gra-w-czolgi-master\x64\Debug\TankAZ.exp
  TankAZ.vcxproj -> C:\Users\Dominik\Desktop\Nowy folder\gra-w-czolgi-master\x64\Debug\TankAZ.exe
